<?xml version="1.0" encoding="UTF-8"?>
<testng-results ignored="0" total="1" passed="1" failed="0" skipped="0">
  <reporter-output>
  </reporter-output>
  <suite started-at="2024-03-16T17:38:49 IST" name="Default suite" finished-at="2024-03-16T17:40:55 IST" duration-ms="126058">
    <groups>
    </groups>
    <test started-at="2024-03-16T17:38:49 IST" name="Default test" finished-at="2024-03-16T17:40:55 IST" duration-ms="126058">
      <class name="Basic.ContactTest">
        <test-method signature="CreateContactTest()[pri:0, instance:Basic.ContactTest@67c33749]" started-at="2024-03-16T17:38:49 IST" name="CreateContactTest" finished-at="2024-03-16T17:40:55 IST" duration-ms="125925" status="PASS">
          <reporter-output>
          </reporter-output>
        </test-method> <!-- CreateContactTest -->
      </class> <!-- Basic.ContactTest -->
    </test> <!-- Default test -->
  </suite> <!-- Default suite -->
</testng-results>
